
sourcing "nvim_exec2()"
finished sourcing nvim_exec2()
sourcing "/usr/share/nvim/runtime/ftplugin.vim"
finished sourcing /usr/share/nvim/runtime/ftplugin.vim
sourcing "/usr/share/nvim/runtime/indent.vim"
finished sourcing /usr/share/nvim/runtime/indent.vim
sourcing "/etc/xdg/nvim/sysinit.vim"
line 1: sourcing "/usr/share/nvim/archlinux.lua"
finished sourcing /usr/share/nvim/archlinux.lua
continuing in /etc/xdg/nvim/sysinit.vim
finished sourcing /etc/xdg/nvim/sysinit.vim
sourcing "/home/faebut/.config/nvim/init.lua"
line 0: sourcing "nvim_exec2() called at /home/faebut/.config/nvim/init.lua:0"
line 1: sourcing "/usr/share/nvim/runtime/filetype.lua"
line 0: sourcing "nvim_exec2() called at /usr/share/nvim/runtime/filetype.lua:0"
not found in runtime path: "ftdetect/*.{vim,lua}"
finished sourcing nvim_exec2() called at /usr/share/nvim/runtime/filetype.lua:0
continuing in /usr/share/nvim/runtime/filetype.lua
finished sourcing /usr/share/nvim/runtime/filetype.lua
continuing in nvim_exec2() called at /home/faebut/.config/nvim/init.lua:0
finished sourcing nvim_exec2() called at /home/faebut/.config/nvim/init.lua:0
continuing in /home/faebut/.config/nvim/init.lua
line 0: sourcing "nvim_exec2() called at /home/faebut/.config/nvim/init.lua:0"
line 1: sourcing "/home/faebut/.local/share/nvim/lazy/gitsigns.nvim/plugin/gitsigns.lua"
finished sourcing /home/faebut/.local/share/nvim/lazy/gitsigns.nvim/plugin/gitsigns.lua
continuing in nvim_exec2() called at /home/faebut/.config/nvim/init.lua:0
finished sourcing nvim_exec2() called at /home/faebut/.config/nvim/init.lua:0
continuing in /home/faebut/.config/nvim/init.lua
line 0: sourcing "nvim_exec2() called at /home/faebut/.config/nvim/init.lua:0"
finished sourcing nvim_exec2() called at /home/faebut/.config/nvim/init.lua:0
continuing in /home/faebut/.config/nvim/init.lua
line 0: sourcing "nvim_exec2() called at /home/faebut/.config/nvim/init.lua:0"
finished sourcing nvim_exec2() called at /home/faebut/.config/nvim/init.lua:0
continuing in /home/faebut/.config/nvim/init.lua
line 0: sourcing "nvim_exec2() called at /home/faebut/.config/nvim/init.lua:0"
finished sourcing nvim_exec2() called at /home/faebut/.config/nvim/init.lua:0
continuing in /home/faebut/.config/nvim/init.lua
line 0: sourcing "nvim_exec2() called at /home/faebut/.config/nvim/init.lua:0"
finished sourcing nvim_exec2() called at /home/faebut/.config/nvim/init.lua:0
continuing in /home/faebut/.config/nvim/init.lua
line 0: sourcing "nvim_exec2() called at /home/faebut/.config/nvim/init.lua:0"
Executing ColorSchemePre Autocommands for "*"
autocommand <Lua 74: ~/.local/share/nvim/lazy/lazy.nvim/lua/lazy/core/loader.lua:31>

line 1: sourcing "/home/faebut/.local/share/nvim/lazy/tokyonight.nvim/colors/tokyonight-night.lua"
finished sourcing /home/faebut/.local/share/nvim/lazy/tokyonight.nvim/colors/tokyonight-night.lua
continuing in nvim_exec2() called at /home/faebut/.config/nvim/init.lua:0
Executing ColorScheme Autocommands for "*"
autocommand <Lua 75: ~/.local/share/nvim/lazy/gitsigns.nvim/lua/gitsigns/highlight.lua:288>

finished sourcing nvim_exec2() called at /home/faebut/.config/nvim/init.lua:0
continuing in /home/faebut/.config/nvim/init.lua
line 0: sourcing "nvim_exec2() called at /home/faebut/.config/nvim/init.lua:0"
line 1: sourcing "/home/faebut/.local/share/nvim/lazy/snacks.nvim/plugin/snacks.lua"
finished sourcing /home/faebut/.local/share/nvim/lazy/snacks.nvim/plugin/snacks.lua
continuing in nvim_exec2() called at /home/faebut/.config/nvim/init.lua:0
finished sourcing nvim_exec2() called at /home/faebut/.config/nvim/init.lua:0
continuing in /home/faebut/.config/nvim/init.lua
line 0: sourcing "nvim_exec2() called at /home/faebut/.config/nvim/init.lua:0"
finished sourcing nvim_exec2() called at /home/faebut/.config/nvim/init.lua:0
continuing in /home/faebut/.config/nvim/init.lua
line 0: sourcing "nvim_exec2() called at /home/faebut/.config/nvim/init.lua:0"
finished sourcing nvim_exec2() called at /home/faebut/.config/nvim/init.lua:0
continuing in /home/faebut/.config/nvim/init.lua
line 0: sourcing "nvim_exec2() called at /home/faebut/.config/nvim/init.lua:0"
finished sourcing nvim_exec2() called at /home/faebut/.config/nvim/init.lua:0
continuing in /home/faebut/.config/nvim/init.lua
line 0: sourcing "nvim_exec2() called at /home/faebut/.config/nvim/init.lua:0"
finished sourcing nvim_exec2() called at /home/faebut/.config/nvim/init.lua:0
continuing in /home/faebut/.config/nvim/init.lua
line 0: sourcing "nvim_exec2() called at /home/faebut/.config/nvim/init.lua:0"
finished sourcing nvim_exec2() called at /home/faebut/.config/nvim/init.lua:0
continuing in /home/faebut/.config/nvim/init.lua
line 0: sourcing "nvim_exec2() called at /home/faebut/.config/nvim/init.lua:0"
finished sourcing nvim_exec2() called at /home/faebut/.config/nvim/init.lua:0
continuing in /home/faebut/.config/nvim/init.lua
line 0: sourcing "nvim_exec2() called at /home/faebut/.config/nvim/init.lua:0"
line 1: sourcing "/home/faebut/.local/share/nvim/lazy/LuaSnip/plugin/luasnip.lua"
finished sourcing /home/faebut/.local/share/nvim/lazy/LuaSnip/plugin/luasnip.lua
continuing in nvim_exec2() called at /home/faebut/.config/nvim/init.lua:0
finished sourcing nvim_exec2() called at /home/faebut/.config/nvim/init.lua:0
continuing in /home/faebut/.config/nvim/init.lua
line 0: sourcing "nvim_exec2() called at /home/faebut/.config/nvim/init.lua:0"
line 1: sourcing "/home/faebut/.local/share/nvim/lazy/LuaSnip/plugin/luasnip.vim"
finished sourcing /home/faebut/.local/share/nvim/lazy/LuaSnip/plugin/luasnip.vim
continuing in nvim_exec2() called at /home/faebut/.config/nvim/init.lua:0
finished sourcing nvim_exec2() called at /home/faebut/.config/nvim/init.lua:0
continuing in /home/faebut/.config/nvim/init.lua
line 0: sourcing "nvim_exec2() called at /home/faebut/.config/nvim/init.lua:0"
finished sourcing nvim_exec2() called at /home/faebut/.config/nvim/init.lua:0
continuing in /home/faebut/.config/nvim/init.lua
line 0: sourcing "nvim_exec2() called at /home/faebut/.config/nvim/init.lua:0"
finished sourcing nvim_exec2() called at /home/faebut/.config/nvim/init.lua:0
continuing in /home/faebut/.config/nvim/init.lua
line 0: sourcing "nvim_exec2() called at /home/faebut/.config/nvim/init.lua:0"
line 1: sourcing "/home/faebut/.local/share/nvim/lazy/typst-preview.nvim/plugin/init.lua"
finished sourcing /home/faebut/.local/share/nvim/lazy/typst-preview.nvim/plugin/init.lua
continuing in nvim_exec2() called at /home/faebut/.config/nvim/init.lua:0
finished sourcing nvim_exec2() called at /home/faebut/.config/nvim/init.lua:0
continuing in /home/faebut/.config/nvim/init.lua
line 0: sourcing "nvim_exec2() called at /home/faebut/.config/nvim/init.lua:0"
finished sourcing nvim_exec2() called at /home/faebut/.config/nvim/init.lua:0
continuing in /home/faebut/.config/nvim/init.lua
line 0: sourcing "nvim_exec2() called at /home/faebut/.config/nvim/init.lua:0"
finished sourcing nvim_exec2() called at /home/faebut/.config/nvim/init.lua:0
continuing in /home/faebut/.config/nvim/init.lua
line 0: sourcing "nvim_exec2() called at /home/faebut/.config/nvim/init.lua:0"
finished sourcing nvim_exec2() called at /home/faebut/.config/nvim/init.lua:0
continuing in /home/faebut/.config/nvim/init.lua
line 0: sourcing "nvim_exec2() called at /home/faebut/.config/nvim/init.lua:0"
finished sourcing nvim_exec2() called at /home/faebut/.config/nvim/init.lua:0
continuing in /home/faebut/.config/nvim/init.lua
line 0: sourcing "nvim_exec2() called at /home/faebut/.config/nvim/init.lua:0"
finished sourcing nvim_exec2() called at /home/faebut/.config/nvim/init.lua:0
continuing in /home/faebut/.config/nvim/init.lua
line 0: sourcing "nvim_exec2() called at /home/faebut/.config/nvim/init.lua:0"
finished sourcing nvim_exec2() called at /home/faebut/.config/nvim/init.lua:0
continuing in /home/faebut/.config/nvim/init.lua
line 0: sourcing "nvim_exec2() called at /home/faebut/.config/nvim/init.lua:0"
line 1: sourcing "/home/faebut/.local/share/nvim/lazy/nvim-treesitter/plugin/nvim-treesitter.lua"
finished sourcing /home/faebut/.local/share/nvim/lazy/nvim-treesitter/plugin/nvim-treesitter.lua
continuing in nvim_exec2() called at /home/faebut/.config/nvim/init.lua:0
finished sourcing nvim_exec2() called at /home/faebut/.config/nvim/init.lua:0
continuing in /home/faebut/.config/nvim/init.lua
line 0: sourcing "nvim_exec2() called at /home/faebut/.config/nvim/init.lua:0"
finished sourcing nvim_exec2() called at /home/faebut/.config/nvim/init.lua:0
continuing in /home/faebut/.config/nvim/init.lua
line 0: sourcing "nvim_exec2() called at /home/faebut/.config/nvim/init.lua:0"
finished sourcing nvim_exec2() called at /home/faebut/.config/nvim/init.lua:0
continuing in /home/faebut/.config/nvim/init.lua
line 0: sourcing "nvim_exec2() called at /home/faebut/.config/nvim/init.lua:0"
finished sourcing nvim_exec2() called at /home/faebut/.config/nvim/init.lua:0
continuing in /home/faebut/.config/nvim/init.lua
line 0: sourcing "nvim_exec2() called at /home/faebut/.config/nvim/init.lua:0"
finished sourcing nvim_exec2() called at /home/faebut/.config/nvim/init.lua:0
continuing in /home/faebut/.config/nvim/init.lua
line 0: sourcing "nvim_exec2() called at /home/faebut/.config/nvim/init.lua:0"
finished sourcing nvim_exec2() called at /home/faebut/.config/nvim/init.lua:0
continuing in /home/faebut/.config/nvim/init.lua
line 0: sourcing "nvim_exec2() called at /home/faebut/.config/nvim/init.lua:0"
finished sourcing nvim_exec2() called at /home/faebut/.config/nvim/init.lua:0
continuing in /home/faebut/.config/nvim/init.lua
line 0: sourcing "nvim_exec2() called at /home/faebut/.config/nvim/init.lua:0"
line 1: sourcing "/home/faebut/.local/share/nvim/lazy/nvim-web-devicons/plugin/nvim-web-devicons.vim"
finished sourcing /home/faebut/.local/share/nvim/lazy/nvim-web-devicons/plugin/nvim-web-devicons.vim
continuing in nvim_exec2() called at /home/faebut/.config/nvim/init.lua:0
finished sourcing nvim_exec2() called at /home/faebut/.config/nvim/init.lua:0
continuing in /home/faebut/.config/nvim/init.lua
line 0: sourcing "nvim_exec2() called at /home/faebut/.config/nvim/init.lua:0"
finished sourcing nvim_exec2() called at /home/faebut/.config/nvim/init.lua:0
continuing in /home/faebut/.config/nvim/init.lua
line 0: sourcing "nvim_exec2() called at /home/faebut/.config/nvim/init.lua:0"
finished sourcing nvim_exec2() called at /home/faebut/.config/nvim/init.lua:0
continuing in /home/faebut/.config/nvim/init.lua
line 0: sourcing "nvim_exec2() called at /home/faebut/.config/nvim/init.lua:0"
finished sourcing nvim_exec2() called at /home/faebut/.config/nvim/init.lua:0
continuing in /home/faebut/.config/nvim/init.lua
line 0: sourcing "nvim_exec2() called at /home/faebut/.config/nvim/init.lua:0"
finished sourcing nvim_exec2() called at /home/faebut/.config/nvim/init.lua:0
continuing in /home/faebut/.config/nvim/init.lua
line 0: sourcing "nvim_exec2() called at /home/faebut/.config/nvim/init.lua:0"
line 1: sourcing "/home/faebut/.local/share/nvim/lazy/plenary.nvim/plugin/plenary.vim"
finished sourcing /home/faebut/.local/share/nvim/lazy/plenary.nvim/plugin/plenary.vim
continuing in nvim_exec2() called at /home/faebut/.config/nvim/init.lua:0
finished sourcing nvim_exec2() called at /home/faebut/.config/nvim/init.lua:0
continuing in /home/faebut/.config/nvim/init.lua
line 0: sourcing "nvim_exec2() called at /home/faebut/.config/nvim/init.lua:0"
finished sourcing nvim_exec2() called at /home/faebut/.config/nvim/init.lua:0
continuing in /home/faebut/.config/nvim/init.lua
line 0: sourcing "nvim_exec2() called at /home/faebut/.config/nvim/init.lua:0"
finished sourcing nvim_exec2() called at /home/faebut/.config/nvim/init.lua:0
continuing in /home/faebut/.config/nvim/init.lua
line 0: sourcing "nvim_exec2() called at /home/faebut/.config/nvim/init.lua:0"
line 1: sourcing "/home/faebut/.local/share/nvim/lazy/todo-comments.nvim/plugin/todo.vim"
finished sourcing /home/faebut/.local/share/nvim/lazy/todo-comments.nvim/plugin/todo.vim
continuing in nvim_exec2() called at /home/faebut/.config/nvim/init.lua:0
finished sourcing nvim_exec2() called at /home/faebut/.config/nvim/init.lua:0
continuing in /home/faebut/.config/nvim/init.lua
line 0: sourcing "nvim_exec2() called at /home/faebut/.config/nvim/init.lua:0"
finished sourcing nvim_exec2() called at /home/faebut/.config/nvim/init.lua:0
continuing in /home/faebut/.config/nvim/init.lua
line 0: sourcing "nvim_exec2() called at /home/faebut/.config/nvim/init.lua:0"
finished sourcing nvim_exec2() called at /home/faebut/.config/nvim/init.lua:0
continuing in /home/faebut/.config/nvim/init.lua
line 0: sourcing "nvim_exec2() called at /home/faebut/.config/nvim/init.lua:0"
line 1: sourcing "/home/faebut/.local/share/nvim/lazy/dressing.nvim/plugin/dressing.lua"
finished sourcing /home/faebut/.local/share/nvim/lazy/dressing.nvim/plugin/dressing.lua
continuing in nvim_exec2() called at /home/faebut/.config/nvim/init.lua:0
finished sourcing nvim_exec2() called at /home/faebut/.config/nvim/init.lua:0
continuing in /home/faebut/.config/nvim/init.lua
line 0: sourcing "nvim_exec2() called at /home/faebut/.config/nvim/init.lua:0"
finished sourcing nvim_exec2() called at /home/faebut/.config/nvim/init.lua:0
continuing in /home/faebut/.config/nvim/init.lua
line 0: sourcing "nvim_exec2() called at /home/faebut/.config/nvim/init.lua:0"
finished sourcing nvim_exec2() called at /home/faebut/.config/nvim/init.lua:0
continuing in /home/faebut/.config/nvim/init.lua
line 0: sourcing "nvim_exec2() called at /home/faebut/.config/nvim/init.lua:0"
line 1: sourcing "/home/faebut/.local/share/nvim/lazy/nvim-cmp/plugin/cmp.lua"
line 0: sourcing "nvim_exec2() called at /home/faebut/.local/share/nvim/lazy/nvim-cmp/plugin/cmp.lua:0"
finished sourcing nvim_exec2() called at /home/faebut/.local/share/nvim/lazy/nvim-cmp/plugin/cmp.lua:0
continuing in /home/faebut/.local/share/nvim/lazy/nvim-cmp/plugin/cmp.lua
finished sourcing /home/faebut/.local/share/nvim/lazy/nvim-cmp/plugin/cmp.lua
continuing in nvim_exec2() called at /home/faebut/.config/nvim/init.lua:0
finished sourcing nvim_exec2() called at /home/faebut/.config/nvim/init.lua:0
continuing in /home/faebut/.config/nvim/init.lua
line 0: sourcing "nvim_exec2() called at /home/faebut/.config/nvim/init.lua:0"
finished sourcing nvim_exec2() called at /home/faebut/.config/nvim/init.lua:0
continuing in /home/faebut/.config/nvim/init.lua
line 0: sourcing "nvim_exec2() called at /home/faebut/.config/nvim/init.lua:0"
finished sourcing nvim_exec2() called at /home/faebut/.config/nvim/init.lua:0
continuing in /home/faebut/.config/nvim/init.lua
not found in runtime path: "package.jsonc"
line 0: sourcing "nvim_exec2() called at /home/faebut/.config/nvim/init.lua:0"
line 1: sourcing "/usr/share/nvim/runtime/plugin/editorconfig.lua"
finished sourcing /usr/share/nvim/runtime/plugin/editorconfig.lua
continuing in nvim_exec2() called at /home/faebut/.config/nvim/init.lua:0
finished sourcing nvim_exec2() called at /home/faebut/.config/nvim/init.lua:0
continuing in /home/faebut/.config/nvim/init.lua
line 0: sourcing "nvim_exec2() called at /home/faebut/.config/nvim/init.lua:0"
line 1: sourcing "/usr/share/nvim/runtime/plugin/gzip.vim"
finished sourcing /usr/share/nvim/runtime/plugin/gzip.vim
continuing in nvim_exec2() called at /home/faebut/.config/nvim/init.lua:0
finished sourcing nvim_exec2() called at /home/faebut/.config/nvim/init.lua:0
continuing in /home/faebut/.config/nvim/init.lua
line 0: sourcing "nvim_exec2() called at /home/faebut/.config/nvim/init.lua:0"
line 1: sourcing "/usr/share/nvim/runtime/plugin/man.lua"
finished sourcing /usr/share/nvim/runtime/plugin/man.lua
continuing in nvim_exec2() called at /home/faebut/.config/nvim/init.lua:0
finished sourcing nvim_exec2() called at /home/faebut/.config/nvim/init.lua:0
continuing in /home/faebut/.config/nvim/init.lua
line 0: sourcing "nvim_exec2() called at /home/faebut/.config/nvim/init.lua:0"
line 1: sourcing "/usr/share/nvim/runtime/plugin/matchit.vim"
not found in 'packpath': "pack/*/start/matchit"
line 3: sourcing "/usr/share/nvim/runtime/pack/dist/opt/matchit/plugin/matchit.vim"
finished sourcing /usr/share/nvim/runtime/pack/dist/opt/matchit/plugin/matchit.vim
continuing in /usr/share/nvim/runtime/plugin/matchit.vim
finished sourcing /usr/share/nvim/runtime/plugin/matchit.vim
continuing in nvim_exec2() called at /home/faebut/.config/nvim/init.lua:0
finished sourcing nvim_exec2() called at /home/faebut/.config/nvim/init.lua:0
continuing in /home/faebut/.config/nvim/init.lua
line 0: sourcing "nvim_exec2() called at /home/faebut/.config/nvim/init.lua:0"
line 1: sourcing "/usr/share/nvim/runtime/plugin/matchparen.vim"
finished sourcing /usr/share/nvim/runtime/plugin/matchparen.vim
continuing in nvim_exec2() called at /home/faebut/.config/nvim/init.lua:0
finished sourcing nvim_exec2() called at /home/faebut/.config/nvim/init.lua:0
continuing in /home/faebut/.config/nvim/init.lua
line 0: sourcing "nvim_exec2() called at /home/faebut/.config/nvim/init.lua:0"
line 1: sourcing "/usr/share/nvim/runtime/plugin/netrwPlugin.vim"
finished sourcing /usr/share/nvim/runtime/plugin/netrwPlugin.vim
continuing in nvim_exec2() called at /home/faebut/.config/nvim/init.lua:0
finished sourcing nvim_exec2() called at /home/faebut/.config/nvim/init.lua:0
continuing in /home/faebut/.config/nvim/init.lua
line 0: sourcing "nvim_exec2() called at /home/faebut/.config/nvim/init.lua:0"
line 1: sourcing "/usr/share/nvim/runtime/plugin/osc52.lua"
finished sourcing /usr/share/nvim/runtime/plugin/osc52.lua
continuing in nvim_exec2() called at /home/faebut/.config/nvim/init.lua:0
finished sourcing nvim_exec2() called at /home/faebut/.config/nvim/init.lua:0
continuing in /home/faebut/.config/nvim/init.lua
line 0: sourcing "nvim_exec2() called at /home/faebut/.config/nvim/init.lua:0"
line 1: sourcing "/usr/share/nvim/runtime/plugin/rplugin.vim"
finished sourcing /usr/share/nvim/runtime/plugin/rplugin.vim
continuing in nvim_exec2() called at /home/faebut/.config/nvim/init.lua:0
finished sourcing nvim_exec2() called at /home/faebut/.config/nvim/init.lua:0
continuing in /home/faebut/.config/nvim/init.lua
line 0: sourcing "nvim_exec2() called at /home/faebut/.config/nvim/init.lua:0"
line 1: sourcing "/usr/share/nvim/runtime/plugin/shada.vim"
finished sourcing /usr/share/nvim/runtime/plugin/shada.vim
continuing in nvim_exec2() called at /home/faebut/.config/nvim/init.lua:0
finished sourcing nvim_exec2() called at /home/faebut/.config/nvim/init.lua:0
continuing in /home/faebut/.config/nvim/init.lua
line 0: sourcing "nvim_exec2() called at /home/faebut/.config/nvim/init.lua:0"
line 1: sourcing "/usr/share/nvim/runtime/plugin/spellfile.vim"
finished sourcing /usr/share/nvim/runtime/plugin/spellfile.vim
continuing in nvim_exec2() called at /home/faebut/.config/nvim/init.lua:0
finished sourcing nvim_exec2() called at /home/faebut/.config/nvim/init.lua:0
continuing in /home/faebut/.config/nvim/init.lua
line 0: sourcing "nvim_exec2() called at /home/faebut/.config/nvim/init.lua:0"
line 1: sourcing "/usr/share/nvim/runtime/plugin/tarPlugin.vim"
finished sourcing /usr/share/nvim/runtime/plugin/tarPlugin.vim
continuing in nvim_exec2() called at /home/faebut/.config/nvim/init.lua:0
finished sourcing nvim_exec2() called at /home/faebut/.config/nvim/init.lua:0
continuing in /home/faebut/.config/nvim/init.lua
line 0: sourcing "nvim_exec2() called at /home/faebut/.config/nvim/init.lua:0"
line 1: sourcing "/usr/share/nvim/runtime/plugin/tohtml.lua"
finished sourcing /usr/share/nvim/runtime/plugin/tohtml.lua
continuing in nvim_exec2() called at /home/faebut/.config/nvim/init.lua:0
finished sourcing nvim_exec2() called at /home/faebut/.config/nvim/init.lua:0
continuing in /home/faebut/.config/nvim/init.lua
line 0: sourcing "nvim_exec2() called at /home/faebut/.config/nvim/init.lua:0"
line 1: sourcing "/usr/share/nvim/runtime/plugin/tutor.vim"
finished sourcing /usr/share/nvim/runtime/plugin/tutor.vim
continuing in nvim_exec2() called at /home/faebut/.config/nvim/init.lua:0
finished sourcing nvim_exec2() called at /home/faebut/.config/nvim/init.lua:0
continuing in /home/faebut/.config/nvim/init.lua
line 0: sourcing "nvim_exec2() called at /home/faebut/.config/nvim/init.lua:0"
line 1: sourcing "/usr/share/nvim/runtime/plugin/zipPlugin.vim"
finished sourcing /usr/share/nvim/runtime/plugin/zipPlugin.vim
continuing in nvim_exec2() called at /home/faebut/.config/nvim/init.lua:0
finished sourcing nvim_exec2() called at /home/faebut/.config/nvim/init.lua:0
continuing in /home/faebut/.config/nvim/init.lua
line 0: sourcing "nvim_exec2() called at /home/faebut/.config/nvim/init.lua:0"
line 1: sourcing "/home/faebut/.local/share/nvim/lazy/cmp-nvim-lsp/after/plugin/cmp_nvim_lsp.lua"
finished sourcing /home/faebut/.local/share/nvim/lazy/cmp-nvim-lsp/after/plugin/cmp_nvim_lsp.lua
continuing in nvim_exec2() called at /home/faebut/.config/nvim/init.lua:0
finished sourcing nvim_exec2() called at /home/faebut/.config/nvim/init.lua:0
continuing in /home/faebut/.config/nvim/init.lua
line 0: sourcing "nvim_exec2() called at /home/faebut/.config/nvim/init.lua:0"
line 1: sourcing "/home/faebut/.local/share/nvim/lazy/cmp_luasnip/after/plugin/cmp_luasnip.lua"
finished sourcing /home/faebut/.local/share/nvim/lazy/cmp_luasnip/after/plugin/cmp_luasnip.lua
continuing in nvim_exec2() called at /home/faebut/.config/nvim/init.lua:0
finished sourcing nvim_exec2() called at /home/faebut/.config/nvim/init.lua:0
continuing in /home/faebut/.config/nvim/init.lua
Executing User Autocommands for "LazyDone"
autocommand <Lua 73: ~/.local/share/nvim/lazy/lazy.nvim/lua/lazy/core/util.lua:183>

line 0: sourcing "nvim_exec2() called at /home/faebut/.config/nvim/init.lua:0"
finished sourcing nvim_exec2() called at /home/faebut/.config/nvim/init.lua:0
continuing in /home/faebut/.config/nvim/init.lua
line 0: sourcing "nvim_exec2() called at /home/faebut/.config/nvim/init.lua:0"
finished sourcing nvim_exec2() called at /home/faebut/.config/nvim/init.lua:0
continuing in /home/faebut/.config/nvim/init.lua
line 0: sourcing "nvim_exec2() called at /home/faebut/.config/nvim/init.lua:0"
finished sourcing nvim_exec2() called at /home/faebut/.config/nvim/init.lua:0
continuing in /home/faebut/.config/nvim/init.lua
line 0: sourcing "nvim_exec2() called at /home/faebut/.config/nvim/init.lua:0"
finished sourcing nvim_exec2() called at /home/faebut/.config/nvim/init.lua:0
continuing in /home/faebut/.config/nvim/init.lua
line 0: sourcing "nvim_exec2() called at /home/faebut/.config/nvim/init.lua:0"
line 1: sourcing "/home/faebut/.local/share/nvim/lazy/telescope.nvim/plugin/telescope.lua"
finished sourcing /home/faebut/.local/share/nvim/lazy/telescope.nvim/plugin/telescope.lua
continuing in nvim_exec2() called at /home/faebut/.config/nvim/init.lua:0
finished sourcing nvim_exec2() called at /home/faebut/.config/nvim/init.lua:0
continuing in /home/faebut/.config/nvim/init.lua
line 0: sourcing "nvim_exec2() called at /home/faebut/.config/nvim/init.lua:0"
finished sourcing nvim_exec2() called at /home/faebut/.config/nvim/init.lua:0
continuing in /home/faebut/.config/nvim/init.lua
line 0: sourcing "nvim_exec2() called at /home/faebut/.config/nvim/init.lua:0"
finished sourcing nvim_exec2() called at /home/faebut/.config/nvim/init.lua:0
continuing in /home/faebut/.config/nvim/init.lua
finished sourcing /home/faebut/.config/nvim/init.lua
sourcing "/usr/share/nvim/runtime/filetype.lua"
finished sourcing /usr/share/nvim/runtime/filetype.lua
sourcing "/usr/share/nvim/runtime/syntax/syntax.vim"
line 20: sourcing "/usr/share/nvim/runtime/syntax/synload.vim"
finished sourcing /usr/share/nvim/runtime/syntax/synload.vim
continuing in /usr/share/nvim/runtime/syntax/syntax.vim
Executing FileType Autocommands for "*"
autocommand if !exists('b:ts_highlight') | 0verbose exe "set syntax=" . expand("<amatch>") | endif

finished sourcing /usr/share/nvim/runtime/syntax/syntax.vim
Reading ShaDa file "/home/faebut/.local/state/nvim/shada/main.shada" info marks oldfiles
Executing BufWinEnter Autocommands for "*"
autocommand <Lua 122: ~/.local/share/nvim/lazy/LuaSnip/plugin/luasnip.lua:77>

Executing BufWinEnter Autocommands for "*"
autocommand <Lua 200: ~/.local/share/nvim/lazy/oil.nvim/lua/oil/init.lua:1318>

Executing BufWinEnter Autocommands for "*"
autocommand autocmd SafeState * ++once call s:Highlight_Matching_Pair()

Executing BufEnter Autocommands for "*"
autocommand <Lua 130: ~/.local/share/nvim/lazy/snacks.nvim/lua/snacks/init.lua:190>

Executing BufEnter Autocommands for "*"
autocommand <Lua 199: ~/.local/share/nvim/lazy/oil.nvim/lua/oil/init.lua:1285>

Executing VimLeavePre Autocommands for "*"
autocommand <Lua 166: ~/.local/share/nvim/lazy/typst-preview.nvim/lua/typst-preview/servers/manager.lua:91>

Executing VimLeavePre Autocommands for "*"
autocommand <Lua 240: ~/.local/share/nvim/lazy/nvim-cmp/lua/cmp/utils/async.lua:17>

Writing ShaDa file "/home/faebut/.local/state/nvim/shada/main.shada"
Executing VimLeave Autocommands for "*"
autocommand <Lua 260: ~/.local/share/nvim/lazy/harpoon/lua/harpoon/init.lua:19>

Executing User Autocommands for "LuasnipSnippetsAdded"
autocommand <Lua 244: ~/.local/share/nvim/lazy/cmp_luasnip/after/plugin/cmp_luasnip.lua:15>

line 0: sourcing "nvim_exec2() called at command line:0"
finished sourcing nvim_exec2() called at command line:0
continuing in command line
line 0: sourcing "nvim_exec2() called at command line:0"
finished sourcing nvim_exec2() called at command line:0
continuing in command line
line 0: sourcing "nvim_exec2() called at command line:0"
finished sourcing nvim_exec2() called at command line:0
continuing in command line
line 0: sourcing "nvim_exec2() called at command line:0"
finished sourcing nvim_exec2() called at command line:0
continuing in command line
line 0: sourcing "nvim_exec2() called at command line:0"
finished sourcing nvim_exec2() called at command line:0
continuing in command line
line 0: sourcing "nvim_exec2() called at command line:0"
finished sourcing nvim_exec2() called at command line:0
continuing in command line
line 0: sourcing "nvim_exec2() called at command line:0"
finished sourcing nvim_exec2() called at command line:0
continuing in command line
line 0: sourcing "nvim_exec2() called at command line:0"
finished sourcing nvim_exec2() called at command line:0
continuing in command line
line 0: sourcing "nvim_exec2() called at command line:0"
finished sourcing nvim_exec2() called at command line:0
continuing in command line
line 0: sourcing "nvim_exec2() called at command line:0"
finished sourcing nvim_exec2() called at command line:0
continuing in command line
line 0: sourcing "nvim_exec2() called at command line:0"
finished sourcing nvim_exec2() called at command line:0
continuing in command line
line 0: sourcing "nvim_exec2() called at command line:0"
finished sourcing nvim_exec2() called at command line:0
continuing in command line
line 0: sourcing "nvim_exec2() called at command line:0"
finished sourcing nvim_exec2() called at command line:0
continuing in command line
line 0: sourcing "nvim_exec2() called at command line:0"
finished sourcing nvim_exec2() called at command line:0
continuing in command line
line 0: sourcing "nvim_exec2() called at command line:0"
finished sourcing nvim_exec2() called at command line:0
continuing in command line
line 0: sourcing "nvim_exec2() called at command line:0"
finished sourcing nvim_exec2() called at command line:0
continuing in command line
line 0: sourcing "nvim_exec2() called at command line:0"
finished sourcing nvim_exec2() called at command line:0
continuing in command line
line 0: sourcing "nvim_exec2() called at command line:0"
finished sourcing nvim_exec2() called at command line:0
continuing in command line
line 0: sourcing "nvim_exec2() called at command line:0"
finished sourcing nvim_exec2() called at command line:0
continuing in command line
line 0: sourcing "nvim_exec2() called at command line:0"
finished sourcing nvim_exec2() called at command line:0
continuing in command line
line 0: sourcing "nvim_exec2() called at command line:0"
finished sourcing nvim_exec2() called at command line:0
continuing in command line
line 0: sourcing "nvim_exec2() called at command line:0"
finished sourcing nvim_exec2() called at command line:0
continuing in command line